TN:
SF:/Users/jasonevans/Projects/web/async-test-helper/src/AsyncTestHelper.js
FN:11,startWith
FN:33,waitFor
FN:38,(anonymous_7)
FN:43,(anonymous_8)
FN:44,(anonymous_9)
FN:49,(anonymous_10)
FN:52,(anonymous_11)
FN:63,(anonymous_12)
FN:101,doThis
FN:106,AsyncError
FN:114,TimeoutError
FNF:11
FNH:11
FNDA:4,startWith
FNDA:20,waitFor
FNDA:20,(anonymous_7)
FNDA:20,(anonymous_8)
FNDA:2,(anonymous_9)
FNDA:20,(anonymous_10)
FNDA:14,(anonymous_11)
FNDA:16,(anonymous_12)
FNDA:5,doThis
FNDA:4,AsyncError
FNDA:2,TimeoutError
DA:12,4
DA:33,60
DA:34,20
DA:35,16
DA:36,16
DA:38,20
DA:39,20
DA:40,20
DA:44,20
DA:45,2
DA:51,20
DA:52,14
DA:53,14
DA:55,14
DA:58,0
DA:63,6
DA:64,16
DA:65,16
DA:66,16
DA:69,1
DA:70,1
DA:72,16
DA:73,16
DA:74,5
DA:75,5
DA:79,1
DA:80,1
DA:102,5
DA:106,16
DA:109,4
DA:110,0
DA:114,4
LF:32
LH:30
BRDA:33,0,0,18
BRDA:33,0,1,2
BRDA:33,1,0,20
BRDA:33,1,1,18
BRDA:33,2,0,2
BRDA:33,2,1,18
BRDA:33,3,0,20
BRDA:33,3,1,2
BRDA:33,4,0,2
BRDA:33,4,1,18
BRDA:33,5,0,20
BRDA:33,5,1,2
BRDA:34,6,0,16
BRDA:34,6,1,4
BRDA:34,7,0,20
BRDA:34,7,1,16
BRDA:51,8,0,14
BRDA:51,8,1,6
BRDA:55,9,0,14
BRDA:55,9,1,13
BRDA:73,10,0,5
BRDA:73,10,1,11
BRDA:75,11,0,5
BRDA:75,11,1,3
BRDA:106,12,0,4
BRDA:106,12,1,0
BRDA:109,13,0,0
BRDA:109,13,1,4
BRDA:114,14,0,2
BRDA:114,14,1,0
BRF:30
BRH:27
end_of_record
