TN:
SF:/Users/jasonevans/Projects/web/async-test-helper/src/AsyncTestHelper.js
FN:1,trueFn
FN:13,startWith
FN:35,waitFor
FN:39,(anonymous_3)
FN:40,(anonymous_4)
FN:43,(anonymous_5)
FN:51,(anonymous_6)
FN:78,doThis
FNF:8
FNH:8
FNDA:3,trueFn
FNDA:1,startWith
FNDA:9,waitFor
FNDA:9,(anonymous_3)
FNDA:9,(anonymous_4)
FNDA:1,(anonymous_5)
FNDA:17,(anonymous_6)
FNDA:2,doThis
DA:1,3
DA:14,1
DA:35,18
DA:36,9
DA:37,4
DA:39,9
DA:40,9
DA:42,9
DA:43,1
DA:44,1
DA:45,1
DA:47,0
DA:51,8
DA:52,17
DA:53,17
DA:54,7
DA:55,7
DA:59,5
DA:79,2
LF:19
LH:18
BRDA:35,0,0,7
BRDA:35,0,1,2
BRDA:35,1,0,9
BRDA:35,1,1,7
BRDA:35,2,0,3
BRDA:35,2,1,6
BRDA:35,3,0,9
BRDA:35,3,1,3
BRDA:36,4,0,4
BRDA:36,4,1,5
BRDA:36,5,0,9
BRDA:36,5,1,4
BRDA:42,6,0,1
BRDA:42,6,1,8
BRDA:45,7,0,1
BRDA:45,7,1,1
BRDA:53,8,0,7
BRDA:53,8,1,6
BRDA:55,9,0,7
BRDA:55,9,1,6
BRF:20
BRH:20
end_of_record
